Using pre-set license
Built from '2020.3/staging' branch; Version is '2020.3.11f1 (99c7afb366b3) revision 10078127'; Using compiler version '192528614'; Build Type 'Release'
OS: 'Windows 10 Home; OS build 19042.1052; Version 2009; 64bit' Language: 'ja' Physical Memory: 3956 MB
BatchMode: 1, IsHumanControllingUs: 0, StartBugReporterOnCrash: 0, Is64bit: 1, IsPro: 0

 COMMAND LINE ARGUMENTS:
C:\Users\yoshi\Desktop\2020.3.11f1\Editor\Unity.exe
-adb2
-batchMode
-noUpm
-name
AssetImportWorker0
-projectPath
C:/Users/yoshi/ASSET TEST
-logFile
Logs/AssetImportWorker0.log
-srvPort
61072
Successfully changed project path to: C:/Users/yoshi/ASSET TEST
C:/Users/yoshi/ASSET TEST
Using Asset Import Pipeline V2.
Refreshing native plugins compatible for Editor in 44.61 ms, found 2 plugins.
Preloading 0 native plugins for Editor in 0.00 ms.
Initialize engine version: 2020.3.11f1 (99c7afb366b3)
[Subsystems] Discovering subsystems at path C:/Users/yoshi/Desktop/2020.3.11f1/Editor/Data/Resources/UnitySubsystems
[Subsystems] Discovering subsystems at path C:/Users/yoshi/ASSET TEST/Assets
GfxDevice: creating device client; threaded=0
Direct3D:
    Version:  Direct3D 11.0 [level 11.1]
    Renderer: Intel(R) UHD Graphics 620 (ID=0x5917)
    Vendor:   
    VRAM:     1978 MB
    Driver:   26.20.100.7263
Initialize mono
Mono path[0] = 'C:/Users/yoshi/Desktop/2020.3.11f1/Editor/Data/Managed'
Mono path[1] = 'C:/Users/yoshi/Desktop/2020.3.11f1/Editor/Data/MonoBleedingEdge/lib/mono/unityjit'
Mono config path = 'C:/Users/yoshi/Desktop/2020.3.11f1/Editor/Data/MonoBleedingEdge/etc'
Using monoOptions --debugger-agent=transport=dt_socket,embedding=1,server=y,suspend=n,address=127.0.0.1:56548
Begin MonoManager ReloadAssembly
Registering precompiled unity dll's ...
Register platform support module: C:/Users/yoshi/Desktop/2020.3.11f1/Editor/Data/PlaybackEngines/WebGLSupport/UnityEditor.WebGL.Extensions.dll
Register platform support module: C:/Users/yoshi/Desktop/2020.3.11f1/Editor/Data/PlaybackEngines/WindowsStandaloneSupport/UnityEditor.WindowsStandalone.Extensions.dll
Registered in 0.008066 seconds.
Native extension for WindowsStandalone target not found
Native extension for WebGL target not found
Refreshing native plugins compatible for Editor in 29.59 ms, found 2 plugins.
Preloading 0 native plugins for Editor in 0.00 ms.
Mono: successfully reloaded assembly
- Completed reload, in  3.596 seconds
Platform modules already initialized, skipping
Registering precompiled user dll's ...
Registered in 0.027863 seconds.
Begin MonoManager ReloadAssembly
Native extension for WindowsStandalone target not found
Native extension for WebGL target not found
Refreshing native plugins compatible for Editor in 0.32 ms, found 2 plugins.
Preloading 0 native plugins for Editor in 0.00 ms.
Mono: successfully reloaded assembly
- Completed reload, in  1.519 seconds
Platform modules already initialized, skipping
========================================================================
Worker process is ready to serve import requests
Launched and connected shader compiler UnityShaderCompiler.exe after 0.09 seconds
Refreshing native plugins compatible for Editor in 0.35 ms, found 2 plugins.
Preloading 0 native plugins for Editor in 0.00 ms.
Unloading 1398 Unused Serialized files (Serialized files now loaded: 0)
System memory in use before: 65.1 MB.
System memory in use after: 65.1 MB.

Unloading 19 unused Assets to reduce memory usage. Loaded Objects now: 1834.
Total: 13.519200 ms (FindLiveObjects: 0.190300 ms CreateObjectMapping: 0.045700 ms MarkObjects: 11.755700 ms  DeleteObjects: 1.525400 ms)

========================================================================
Received Import Request.
  path: Assets/GameScene/Materials/DeskMaterial.mat
  artifactKey: Guid(ba3252c1bdba8ed44b5257ac0755a000) Importer(815301076,1909f56bfc062723c751e8b465ee728b)
Start importing Assets/GameScene/Materials/DeskMaterial.mat using Guid(ba3252c1bdba8ed44b5257ac0755a000) Importer(815301076,1909f56bfc062723c751e8b465ee728b)  -> (artifact id: 'c3a98c5009ab5d4300438636a95f6379') in 0.250977 seconds
  Import took 0.259288 seconds .

========================================================================
Received Import Request.
  Time since last request: 0.000759 seconds.
  path: Assets/GameScene/Materials/DoorMaterial.mat
  artifactKey: Guid(4e1a2f6eafb0fbf448b94800b8ae40ec) Importer(815301076,1909f56bfc062723c751e8b465ee728b)
Start importing Assets/GameScene/Materials/DoorMaterial.mat using Guid(4e1a2f6eafb0fbf448b94800b8ae40ec) Importer(815301076,1909f56bfc062723c751e8b465ee728b)  -> (artifact id: '56c03d569134b5836b8777bfc448cb6a') in 0.011845 seconds
  Import took 0.016134 seconds .

========================================================================
Received Import Request.
  Time since last request: 0.000380 seconds.
  path: Assets/GameScene/Materials/BoxMaterial.mat
  artifactKey: Guid(3290a5bbede1ca649ad4e9eba400c0ec) Importer(815301076,1909f56bfc062723c751e8b465ee728b)
Start importing Assets/GameScene/Materials/BoxMaterial.mat using Guid(3290a5bbede1ca649ad4e9eba400c0ec) Importer(815301076,1909f56bfc062723c751e8b465ee728b)  -> (artifact id: '399163ccc606d9f7734cd27396d4972a') in 0.012032 seconds
  Import took 0.016173 seconds .

========================================================================
Received Import Request.
  Time since last request: 0.000352 seconds.
  path: Assets/GameScene/Materials/EMaterial.mat
  artifactKey: Guid(de64834b288c06e4db5687a9fadd7d13) Importer(815301076,1909f56bfc062723c751e8b465ee728b)
Start importing Assets/GameScene/Materials/EMaterial.mat using Guid(de64834b288c06e4db5687a9fadd7d13) Importer(815301076,1909f56bfc062723c751e8b465ee728b)  -> (artifact id: 'bd0eb1d0d44fb996b08c17d3a807320f') in 0.012580 seconds
  Import took 0.016068 seconds .

========================================================================
Received Import Request.
  Time since last request: 0.000366 seconds.
  path: Assets/GameScene/Materials/BallMaterial2.mat
  artifactKey: Guid(459133c1a26c12a4c95907e71cbeeacf) Importer(815301076,1909f56bfc062723c751e8b465ee728b)
Start importing Assets/GameScene/Materials/BallMaterial2.mat using Guid(459133c1a26c12a4c95907e71cbeeacf) Importer(815301076,1909f56bfc062723c751e8b465ee728b)  -> (artifact id: 'e114dbf9f46ef835c01019841e71e607') in 0.013324 seconds
  Import took 0.017026 seconds .

========================================================================
Received Import Request.
  Time since last request: 0.000347 seconds.
  path: Assets/GameScene/Materials/SofaMaterial.mat
  artifactKey: Guid(e8db36d8fbb736649b6156f00ce36dca) Importer(815301076,1909f56bfc062723c751e8b465ee728b)
Start importing Assets/GameScene/Materials/SofaMaterial.mat using Guid(e8db36d8fbb736649b6156f00ce36dca) Importer(815301076,1909f56bfc062723c751e8b465ee728b)  -> (artifact id: '11ee3b5f765c682f599b78bf7a0f5d36') in 0.013795 seconds
  Import took 0.017568 seconds .

========================================================================
Received Import Request.
  Time since last request: 0.000400 seconds.
  path: Assets/GameScene/Materials/RainbowMaterial.mat
  artifactKey: Guid(758e652b0122b4a49b99ce6e28276836) Importer(815301076,1909f56bfc062723c751e8b465ee728b)
Start importing Assets/GameScene/Materials/RainbowMaterial.mat using Guid(758e652b0122b4a49b99ce6e28276836) Importer(815301076,1909f56bfc062723c751e8b465ee728b)  -> (artifact id: '0d137baf2b3ad2e80ad10c717e59ee7f') in 0.018246 seconds
  Import took 0.022293 seconds .

========================================================================
Received Import Request.
  Time since last request: 0.000411 seconds.
  path: Assets/GameScene/Materials/OpenWall.mat
  artifactKey: Guid(f635ae651961e6a448b54b6d33eecd8a) Importer(815301076,1909f56bfc062723c751e8b465ee728b)
Start importing Assets/GameScene/Materials/OpenWall.mat using Guid(f635ae651961e6a448b54b6d33eecd8a) Importer(815301076,1909f56bfc062723c751e8b465ee728b)  -> (artifact id: 'd60aec9336771877bc1607f13d019775') in 0.014513 seconds
  Import took 0.017820 seconds .

========================================================================
Received Import Request.
  Time since last request: 0.000376 seconds.
  path: Assets/GameScene/Materials/SecurityBoxMaterial.mat
  artifactKey: Guid(6822141a7e115304b9979b30107a2935) Importer(815301076,1909f56bfc062723c751e8b465ee728b)
Start importing Assets/GameScene/Materials/SecurityBoxMaterial.mat using Guid(6822141a7e115304b9979b30107a2935) Importer(815301076,1909f56bfc062723c751e8b465ee728b)  -> (artifact id: 'bf33b4d9c68f1c655f81a3f371927fb5') in 0.013638 seconds
  Import took 0.017600 seconds .

========================================================================
Received Import Request.
  Time since last request: 0.000352 seconds.
  path: Assets/GameScene/Materials/BookCoverC.mat
  artifactKey: Guid(4f90fc67b5b78eb4cb8fd4567756a2e4) Importer(815301076,1909f56bfc062723c751e8b465ee728b)
Start importing Assets/GameScene/Materials/BookCoverC.mat using Guid(4f90fc67b5b78eb4cb8fd4567756a2e4) Importer(815301076,1909f56bfc062723c751e8b465ee728b)  -> (artifact id: '044ed6100176a406bbc4e8f316312cdf') in 0.011798 seconds
  Import took 0.014728 seconds .

========================================================================
Received Import Request.
  Time since last request: 0.000322 seconds.
  path: Assets/GameScene/Materials/WallMaterial.mat
  artifactKey: Guid(8df8cb4283b4f9244ada03f3aa018fdc) Importer(815301076,1909f56bfc062723c751e8b465ee728b)
Start importing Assets/GameScene/Materials/WallMaterial.mat using Guid(8df8cb4283b4f9244ada03f3aa018fdc) Importer(815301076,1909f56bfc062723c751e8b465ee728b)  -> (artifact id: '24b144184141306f398330645a788746') in 0.014059 seconds
  Import took 0.017701 seconds .

========================================================================
Received Import Request.
  Time since last request: 0.000350 seconds.
  path: Assets/GameScene/Materials/BookCoverA.mat
  artifactKey: Guid(cda109fa535d9dd4495982d0deda2fd1) Importer(815301076,1909f56bfc062723c751e8b465ee728b)
Start importing Assets/GameScene/Materials/BookCoverA.mat using Guid(cda109fa535d9dd4495982d0deda2fd1) Importer(815301076,1909f56bfc062723c751e8b465ee728b)  -> (artifact id: '8a0b1d8444fd437f86580544da1e3965') in 0.012958 seconds
  Import took 0.016540 seconds .

========================================================================
Received Import Request.
  Time since last request: 0.000379 seconds.
  path: Assets/GameScene/Materials/TriangleMaterial.mat
  artifactKey: Guid(5d072d9110968f2439edc76b5fa7de1e) Importer(815301076,1909f56bfc062723c751e8b465ee728b)
Start importing Assets/GameScene/Materials/TriangleMaterial.mat using Guid(5d072d9110968f2439edc76b5fa7de1e) Importer(815301076,1909f56bfc062723c751e8b465ee728b)  -> (artifact id: '30294e9e50ab5e04191717e1da6d4162') in 0.012168 seconds
  Import took 0.014937 seconds .

========================================================================
Received Import Request.
  Time since last request: 0.000344 seconds.
  path: Assets/GameScene/Materials/ShelfMaterial.mat
  artifactKey: Guid(9c2f219bd977cbb47a641444d1f53534) Importer(815301076,1909f56bfc062723c751e8b465ee728b)
Start importing Assets/GameScene/Materials/ShelfMaterial.mat using Guid(9c2f219bd977cbb47a641444d1f53534) Importer(815301076,1909f56bfc062723c751e8b465ee728b)  -> (artifact id: '703d8b6840d3e2a2497bd5325a1a148e') in 0.011663 seconds
  Import took 0.014182 seconds .

========================================================================
Received Import Request.
  Time since last request: 0.000313 seconds.
  path: Assets/GameScene/Materials/TrashBoxMaterial.mat
  artifactKey: Guid(a8e94206495d2bb40b456559cdb9923d) Importer(815301076,1909f56bfc062723c751e8b465ee728b)
Start importing Assets/GameScene/Materials/TrashBoxMaterial.mat using Guid(a8e94206495d2bb40b456559cdb9923d) Importer(815301076,1909f56bfc062723c751e8b465ee728b)  -> (artifact id: '5b860b645397627ce77fea5740df98c2') in 0.013428 seconds
  Import took 0.016185 seconds .

========================================================================
Received Import Request.
  Time since last request: 0.000351 seconds.
  path: Assets/GameScene/Materials/Lamp.mat
  artifactKey: Guid(3ddab5caf7526324099d45d9e1696190) Importer(815301076,1909f56bfc062723c751e8b465ee728b)
Start importing Assets/GameScene/Materials/Lamp.mat using Guid(3ddab5caf7526324099d45d9e1696190) Importer(815301076,1909f56bfc062723c751e8b465ee728b)  -> (artifact id: 'e343f1f4a9917fb396d3a149c3354875') in 0.013341 seconds
  Import took 0.015645 seconds .

========================================================================
Received Import Request.
  Time since last request: 0.000309 seconds.
  path: Assets/GameScene/Materials/HangerMaterial.mat
  artifactKey: Guid(790cc428a80109b468e542dc2f46c96a) Importer(815301076,1909f56bfc062723c751e8b465ee728b)
Start importing Assets/GameScene/Materials/HangerMaterial.mat using Guid(790cc428a80109b468e542dc2f46c96a) Importer(815301076,1909f56bfc062723c751e8b465ee728b)  -> (artifact id: '48ee9530ee5cfa2f47baf44d142c2b5e') in 0.011914 seconds
  Import took 0.015060 seconds .

========================================================================
Received Import Request.
  Time since last request: 0.000315 seconds.
  path: Assets/GameScene/Materials/Wood.mat
  artifactKey: Guid(08b035ef367057448ab2d967dab14136) Importer(815301076,1909f56bfc062723c751e8b465ee728b)
Start importing Assets/GameScene/Materials/Wood.mat using Guid(08b035ef367057448ab2d967dab14136) Importer(815301076,1909f56bfc062723c751e8b465ee728b)  -> (artifact id: 'cfdd323e21da37cf64d35d72bb2c8e69') in 0.013743 seconds
  Import took 0.017048 seconds .

========================================================================
Received Import Request.
  Time since last request: 0.000356 seconds.
  path: Assets/GameScene/Materials/StarMaterial.mat
  artifactKey: Guid(9b8de83104377164ea0dfdb7e38383b0) Importer(815301076,1909f56bfc062723c751e8b465ee728b)
Start importing Assets/GameScene/Materials/StarMaterial.mat using Guid(9b8de83104377164ea0dfdb7e38383b0) Importer(815301076,1909f56bfc062723c751e8b465ee728b)  -> (artifact id: '240cbbf59006b9736e2d659ab9a1a7d2') in 0.066016 seconds
  Import took 0.068413 seconds .

========================================================================
Received Import Request.
  Time since last request: 0.000318 seconds.
  path: Assets/GameScene/Materials/KeyMaterial.mat
  artifactKey: Guid(8b655d8eec38b4b4e8e96757d09f684b) Importer(815301076,1909f56bfc062723c751e8b465ee728b)
Start importing Assets/GameScene/Materials/KeyMaterial.mat using Guid(8b655d8eec38b4b4e8e96757d09f684b) Importer(815301076,1909f56bfc062723c751e8b465ee728b)  -> (artifact id: '2c5b45b05b04f86094c5da9d96293a67') in 0.011919 seconds
  Import took 0.014738 seconds .

========================================================================
Received Import Request.
  Time since last request: 0.000318 seconds.
  path: Assets/GameScene/Materials/BookCoverB.mat
  artifactKey: Guid(8ad518461a2831248910a34dc441517a) Importer(815301076,1909f56bfc062723c751e8b465ee728b)
Start importing Assets/GameScene/Materials/BookCoverB.mat using Guid(8ad518461a2831248910a34dc441517a) Importer(815301076,1909f56bfc062723c751e8b465ee728b)  -> (artifact id: '4026d1c45a502809d75fd0945d696e71') in 0.012781 seconds
  Import took 0.016047 seconds .

========================================================================
Received Import Request.
  Time since last request: 0.000324 seconds.
  path: Assets/GameScene/Materials/BallMaterial1.mat
  artifactKey: Guid(a2718934484e11040ac6644e345c9fbf) Importer(815301076,1909f56bfc062723c751e8b465ee728b)
Start importing Assets/GameScene/Materials/BallMaterial1.mat using Guid(a2718934484e11040ac6644e345c9fbf) Importer(815301076,1909f56bfc062723c751e8b465ee728b)  -> (artifact id: '879ff7b0ac8d5c7b58cd10a69205de65') in 0.013356 seconds
  Import took 0.016547 seconds .

========================================================================
Received Import Request.
  Time since last request: 0.000318 seconds.
  path: Assets/GameScene/Materials/ButtonMaterial2.mat
  artifactKey: Guid(e7a93bfd6ac6f7c43bc5a9cd28baf3e5) Importer(815301076,1909f56bfc062723c751e8b465ee728b)
Start importing Assets/GameScene/Materials/ButtonMaterial2.mat using Guid(e7a93bfd6ac6f7c43bc5a9cd28baf3e5) Importer(815301076,1909f56bfc062723c751e8b465ee728b)  -> (artifact id: '61deecc012722213a44e9a9542151f19') in 0.011668 seconds
  Import took 0.015737 seconds .

========================================================================
Received Import Request.
  Time since last request: 0.000360 seconds.
  path: Assets/GameScene/Materials/Floor.mat
  artifactKey: Guid(555db7f53b640e64fb0be1e00d5ed262) Importer(815301076,1909f56bfc062723c751e8b465ee728b)
Start importing Assets/GameScene/Materials/Floor.mat using Guid(555db7f53b640e64fb0be1e00d5ed262) Importer(815301076,1909f56bfc062723c751e8b465ee728b)  -> (artifact id: '8c5786d8728151ecdfbff53cce174608') in 0.013690 seconds
  Import took 0.017534 seconds .

========================================================================
Received Import Request.
  Time since last request: 0.000341 seconds.
  path: Assets/GameScene/Materials/ChairMaterial.mat
  artifactKey: Guid(8ab54198c21d0194691b4ab5e8283728) Importer(815301076,1909f56bfc062723c751e8b465ee728b)
Start importing Assets/GameScene/Materials/ChairMaterial.mat using Guid(8ab54198c21d0194691b4ab5e8283728) Importer(815301076,1909f56bfc062723c751e8b465ee728b)  -> (artifact id: '5c0557a353cdacf2f47a9bde217633db') in 0.012061 seconds
  Import took 0.014314 seconds .

========================================================================
Received Import Request.
  Time since last request: 0.000335 seconds.
  path: Assets/GameScene/Materials/BookCoverD.mat
  artifactKey: Guid(bcf58878e78f4b34e88e21ef623102cc) Importer(815301076,1909f56bfc062723c751e8b465ee728b)
Start importing Assets/GameScene/Materials/BookCoverD.mat using Guid(bcf58878e78f4b34e88e21ef623102cc) Importer(815301076,1909f56bfc062723c751e8b465ee728b)  -> (artifact id: '952715eb4098a7d91e660f55adc2eb39') in 0.012372 seconds
  Import took 0.015239 seconds .

========================================================================
Received Import Request.
  Time since last request: 0.000338 seconds.
  path: Assets/GameScene/Materials/ShirtsMaterial.mat
  artifactKey: Guid(c5444fcede084744295754ea352b2c4c) Importer(815301076,1909f56bfc062723c751e8b465ee728b)
Start importing Assets/GameScene/Materials/ShirtsMaterial.mat using Guid(c5444fcede084744295754ea352b2c4c) Importer(815301076,1909f56bfc062723c751e8b465ee728b)  -> (artifact id: 'ebe59381504da6ff20a3466d13cec708') in 0.011008 seconds
  Import took 0.013836 seconds .

========================================================================
Received Import Request.
  Time since last request: 0.000371 seconds.
  path: Assets/GameScene/Materials/ButtonMaterial1.mat
  artifactKey: Guid(b7d48a8392c81a24fa5a0bc2dfabdc8b) Importer(815301076,1909f56bfc062723c751e8b465ee728b)
Start importing Assets/GameScene/Materials/ButtonMaterial1.mat using Guid(b7d48a8392c81a24fa5a0bc2dfabdc8b) Importer(815301076,1909f56bfc062723c751e8b465ee728b)  -> (artifact id: 'a38bfe1aff65861129fe7c9b3d06bcd2') in 0.013180 seconds
  Import took 0.016672 seconds .

========================================================================
Received Import Request.
  Time since last request: 0.000305 seconds.
  path: Assets/GameScene/Materials/PCMaterial.mat
  artifactKey: Guid(3bb57e298e692ea4586174ee142fed55) Importer(815301076,1909f56bfc062723c751e8b465ee728b)
Start importing Assets/GameScene/Materials/PCMaterial.mat using Guid(3bb57e298e692ea4586174ee142fed55) Importer(815301076,1909f56bfc062723c751e8b465ee728b)  -> (artifact id: '731a1d03e72d794c79b244377aef9de6') in 0.015482 seconds
  Import took 0.019306 seconds .

